<?xml version="1.0" encoding="UTF-8"?>
<testng-results skipped="0" failed="0" ignored="0" total="1" passed="1">
  <reporter-output>
  </reporter-output>
  <suite name="Default suite" duration-ms="23775" started-at="2017-01-02T19:05:04Z" finished-at="2017-01-02T19:05:28Z">
    <groups>
    </groups>
    <test name="Default test" duration-ms="23775" started-at="2017-01-02T19:05:04Z" finished-at="2017-01-02T19:05:28Z">
      <class name="SeleniumNewPackage.TestNG_Test1">
        <test-method status="PASS" signature="beforeSuite()[pri:0, instance:SeleniumNewPackage.TestNG_Test1@91161c7]" name="beforeSuite" is-config="true" duration-ms="25" started-at="2017-01-02T13:05:04Z" finished-at="2017-01-02T13:05:04Z">
          <reporter-output>
          </reporter-output>
        </test-method> <!-- beforeSuite -->
        <test-method status="PASS" signature="beforeTest()[pri:0, instance:SeleniumNewPackage.TestNG_Test1@91161c7]" name="beforeTest" is-config="true" duration-ms="1" started-at="2017-01-02T13:05:04Z" finished-at="2017-01-02T13:05:04Z">
          <reporter-output>
          </reporter-output>
        </test-method> <!-- beforeTest -->
        <test-method status="PASS" signature="beforeClass()[pri:0, instance:SeleniumNewPackage.TestNG_Test1@91161c7]" name="beforeClass" is-config="true" duration-ms="6066" started-at="2017-01-02T13:05:04Z" finished-at="2017-01-02T13:05:10Z">
          <reporter-output>
          </reporter-output>
        </test-method> <!-- beforeClass -->
        <test-method status="PASS" signature="beforeMethod()[pri:0, instance:SeleniumNewPackage.TestNG_Test1@91161c7]" name="beforeMethod" is-config="true" duration-ms="4901" started-at="2017-01-02T13:05:10Z" finished-at="2017-01-02T13:05:15Z">
          <reporter-output>
          </reporter-output>
        </test-method> <!-- beforeMethod -->
        <test-method status="PASS" signature="f()[pri:0, instance:SeleniumNewPackage.TestNG_Test1@91161c7]" name="f" duration-ms="10496" started-at="2017-01-02T13:05:15Z" finished-at="2017-01-02T13:05:25Z">
          <reporter-output>
          </reporter-output>
        </test-method> <!-- f -->
        <test-method status="PASS" signature="afterMethod()[pri:0, instance:SeleniumNewPackage.TestNG_Test1@91161c7]" name="afterMethod" is-config="true" duration-ms="1" started-at="2017-01-02T13:05:25Z" finished-at="2017-01-02T13:05:25Z">
          <reporter-output>
          </reporter-output>
        </test-method> <!-- afterMethod -->
        <test-method status="PASS" signature="afterClass()[pri:0, instance:SeleniumNewPackage.TestNG_Test1@91161c7]" name="afterClass" is-config="true" duration-ms="2256" started-at="2017-01-02T13:05:25Z" finished-at="2017-01-02T13:05:28Z">
          <reporter-output>
          </reporter-output>
        </test-method> <!-- afterClass -->
        <test-method status="PASS" signature="afterTest()[pri:0, instance:SeleniumNewPackage.TestNG_Test1@91161c7]" name="afterTest" is-config="true" duration-ms="1" started-at="2017-01-02T13:05:28Z" finished-at="2017-01-02T13:05:28Z">
          <reporter-output>
          </reporter-output>
        </test-method> <!-- afterTest -->
        <test-method status="PASS" signature="afterSuite()[pri:0, instance:SeleniumNewPackage.TestNG_Test1@91161c7]" name="afterSuite" is-config="true" duration-ms="1" started-at="2017-01-02T13:05:28Z" finished-at="2017-01-02T13:05:28Z">
          <reporter-output>
          </reporter-output>
        </test-method> <!-- afterSuite -->
      </class> <!-- SeleniumNewPackage.TestNG_Test1 -->
    </test> <!-- Default test -->
  </suite> <!-- Default suite -->
</testng-results>
